[    0.000000] Linux version 4.15.0-88-generic (buildd@lgw01-amd64-036) (gcc version 7.4.0 (Ubuntu 7.4.0-1ubuntu1~18.04.1)) #88-Ubuntu SMP Tue Feb 11 20:11:34 UTC 2020 (Ubuntu 4.15.0-88.88-generic 4.15.18)
[    0.000000] Command line: BOOT_IMAGE=/boot/vmlinuz-4.15.0-88-generic root=LABEL=cloudimg-rootfs ro console=tty1 console=ttyS0
[    0.000000] KERNEL supported cpus:
[    0.000000]   Intel GenuineIntel
[    0.000000]   AMD AuthenticAMD
[    0.000000]   Centaur CentaurHauls
[    0.000000] x86/fpu: Supporting XSAVE feature 0x001: 'x87 floating point registers'
[    0.000000] x86/fpu: Supporting XSAVE feature 0x002: 'SSE registers'
[    0.000000] x86/fpu: Supporting XSAVE feature 0x004: 'AVX registers'
[    0.000000] x86/fpu: xstate_offset[2]:  576, xstate_sizes[2]:  256
[    0.000000] x86/fpu: Enabled xstate features 0x7, context size is 832 bytes, using 'standard' format.
[    0.000000] e820: BIOS-provided physical RAM map:
[    0.000000] BIOS-e820: [mem 0x0000000000000000-0x000000000009fbff] usable
[    0.000000] BIOS-e820: [mem 0x000000000009fc00-0x000000000009ffff] reserved
[    0.000000] BIOS-e820: [mem 0x00000000000f0000-0x00000000000fffff] reserved
[    0.000000] BIOS-e820: [mem 0x0000000000100000-0x000000003ffeffff] usable
[    0.000000] BIOS-e820: [mem 0x000000003fff0000-0x000000003fffffff] ACPI data
[    0.000000] BIOS-e820: [mem 0x00000000fec00000-0x00000000fec00fff] reserved
[    0.000000] BIOS-e820: [mem 0x00000000fee00000-0x00000000fee00fff] reserved
[    0.000000] BIOS-e820: [mem 0x00000000fffc0000-0x00000000ffffffff] reserved
[    0.000000] NX (Execute Disable) protection: active
[    0.000000] SMBIOS 2.5 present.
[    0.000000] DMI: innotek GmbH VirtualBox/VirtualBox, BIOS VirtualBox 12/01/2006
[    0.000000] Hypervisor detected: KVM
[    0.000000] e820: last_pfn = 0x3fff0 max_arch_pfn = 0x400000000
[    0.000000] MTRR: Disabled
[    0.000000] x86/PAT: MTRRs disabled, skipping PAT initialization too.
[    0.000000] CPU MTRRs all blank - virtualized system.
[    0.000000] x86/PAT: Configuration [0-7]: WB  WT  UC- UC  WB  WT  UC- UC  
[    0.000000] found SMP MP-table at [mem 0x0009fff0-0x0009ffff]
[    0.000000] Scanning 1 areas for low memory corruption
[    0.000000] RAMDISK: [mem 0x35a6d000-0x36d2dfff]
[    0.000000] ACPI: Early table checksum verification disabled
[    0.000000] ACPI: RSDP 0x00000000000E0000 000024 (v02 VBOX  )
[    0.000000] ACPI: XSDT 0x000000003FFF0030 00003C (v01 VBOX   VBOXXSDT 00000001 ASL  00000061)
[    0.000000] ACPI: FACP 0x000000003FFF00F0 0000F4 (v04 VBOX   VBOXFACP 00000001 ASL  00000061)
[    0.000000] ACPI: DSDT 0x000000003FFF0470 0022EA (v02 VBOX   VBOXBIOS 00000002 INTL 20100528)
[    0.000000] ACPI: FACS 0x000000003FFF0200 000040
[    0.000000] ACPI: FACS 0x000000003FFF0200 000040
[    0.000000] ACPI: APIC 0x000000003FFF0240 00005C (v02 VBOX   VBOXAPIC 00000001 ASL  00000061)
[    0.000000] ACPI: SSDT 0x000000003FFF02A0 0001CC (v01 VBOX   VBOXCPUT 00000002 INTL 20100528)
[    0.000000] No NUMA configuration found
[    0.000000] Faking a node at [mem 0x0000000000000000-0x000000003ffeffff]
[    0.000000] NODE_DATA(0) allocated [mem 0x3ffc5000-0x3ffeffff]
[    0.000000] kvm-clock: cpu 0, msr 0:3ff44001, primary cpu clock
[    0.000000] kvm-clock: Using msrs 4b564d01 and 4b564d00
[    0.000000] kvm-clock: using sched offset of 4635135031 cycles
[    0.000000] clocksource: kvm-clock: mask: 0xffffffffffffffff max_cycles: 0x1cd42e4dffb, max_idle_ns: 881590591483 ns
[    0.000000] Zone ranges:
[    0.000000]   DMA      [mem 0x0000000000001000-0x0000000000ffffff]
[    0.000000]   DMA32    [mem 0x0000000001000000-0x000000003ffeffff]
[    0.000000]   Normal   empty
[    0.000000]   Device   empty
[    0.000000] Movable zone start for each node
[    0.000000] Early memory node ranges
[    0.000000]   node   0: [mem 0x0000000000001000-0x000000000009efff]
[    0.000000]   node   0: [mem 0x0000000000100000-0x000000003ffeffff]
[    0.000000] Reserved but unavailable: 98 pages
[    0.000000] Initmem setup node 0 [mem 0x0000000000001000-0x000000003ffeffff]
[    0.000000] ACPI: PM-Timer IO Port: 0x4008
[    0.000000] IOAPIC[0]: apic_id 2, version 32, address 0xfec00000, GSI 0-23
[    0.000000] ACPI: INT_SRC_OVR (bus 0 bus_irq 0 global_irq 2 dfl dfl)
[    0.000000] ACPI: INT_SRC_OVR (bus 0 bus_irq 9 global_irq 9 low level)
[    0.000000] Using ACPI (MADT) for SMP configuration information
[    0.000000] smpboot: Allowing 2 CPUs, 0 hotplug CPUs
[    0.000000] PM: Registered nosave memory: [mem 0x00000000-0x00000fff]
[    0.000000] PM: Registered nosave memory: [mem 0x0009f000-0x0009ffff]
[    0.000000] PM: Registered nosave memory: [mem 0x000a0000-0x000effff]
[    0.000000] PM: Registered nosave memory: [mem 0x000f0000-0x000fffff]
[    0.000000] e820: [mem 0x40000000-0xfebfffff] available for PCI devices
[    0.000000] Booting paravirtualized kernel on KVM
[    0.000000] clocksource: refined-jiffies: mask: 0xffffffff max_cycles: 0xffffffff, max_idle_ns: 7645519600211568 ns
[    0.000000] random: get_random_bytes called from start_kernel+0x99/0x4fd with crng_init=0
[    0.000000] setup_percpu: NR_CPUS:8192 nr_cpumask_bits:2 nr_cpu_ids:2 nr_node_ids:1
[    0.000000] percpu: Embedded 45 pages/cpu s147456 r8192 d28672 u1048576
[    0.000000] PV qspinlock hash table entries: 256 (order: 0, 4096 bytes)
[    0.000000] Built 1 zonelists, mobility grouping on.  Total pages: 257913
[    0.000000] Policy zone: DMA32
[    0.000000] Kernel command line: BOOT_IMAGE=/boot/vmlinuz-4.15.0-88-generic root=LABEL=cloudimg-rootfs ro console=tty1 console=ttyS0
[    0.000000] Memory: 983068K/1048120K available (12300K kernel code, 2481K rwdata, 4264K rodata, 2428K init, 2712K bss, 65052K reserved, 0K cma-reserved)
[    0.000000] SLUB: HWalign=64, Order=0-3, MinObjects=0, CPUs=2, Nodes=1
[    0.000000] Kernel/User page tables isolation: enabled
[    0.000000] ftrace: allocating 39344 entries in 154 pages
[    0.004000] Hierarchical RCU implementation.
[    0.004000] 	RCU restricting CPUs from NR_CPUS=8192 to nr_cpu_ids=2.
[    0.004000] 	Tasks RCU enabled.
[    0.004000] RCU: Adjusting geometry for rcu_fanout_leaf=16, nr_cpu_ids=2
[    0.004000] NR_IRQS: 524544, nr_irqs: 440, preallocated irqs: 16
[    0.004000] Console: colour VGA+ 80x25
[    0.004000] console [tty1] enabled
[    0.004000] console [ttyS0] enabled
[    0.004000] ACPI: Core revision 20170831
[    0.004000] ACPI: 2 ACPI AML tables successfully acquired and loaded
[    0.004000] APIC: Switch to symmetric I/O mode setup
[    0.004000] x2apic enabled
[    0.004000] Switched APIC routing to physical x2apic.
[    0.004000] ..TIMER: vector=0x30 apic1=0 pin1=2 apic2=-1 pin2=-1
[    0.004004] tsc: Detected 2808.000 MHz processor
[    0.008008] Calibrating delay loop (skipped) preset value.. 5616.00 BogoMIPS (lpj=11232000)
[    0.009811] pid_max: default: 32768 minimum: 301
[    0.010831] Security Framework initialized
[    0.012002] Yama: becoming mindful.
[    0.012859] AppArmor: AppArmor initialized
[    0.016000] Dentry cache hash table entries: 131072 (order: 8, 1048576 bytes)
[    0.016054] Inode-cache hash table entries: 65536 (order: 7, 524288 bytes)
[    0.017700] Mount-cache hash table entries: 2048 (order: 2, 16384 bytes)
[    0.019096] Mountpoint-cache hash table entries: 2048 (order: 2, 16384 bytes)
[    0.020309] Last level iTLB entries: 4KB 64, 2MB 8, 4MB 8
[    0.021569] Last level dTLB entries: 4KB 64, 2MB 0, 4MB 0, 1GB 4
[    0.024004] Spectre V1 : Mitigation: usercopy/swapgs barriers and __user pointer sanitization
[    0.025959] Spectre V2 : Mitigation: Full generic retpoline
[    0.028002] Spectre V2 : Spectre v2 / SpectreRSB mitigation: Filling RSB on context switch
[    0.030168] Speculative Store Bypass: Vulnerable
[    0.032054] MDS: Vulnerable: Clear CPU buffers attempted, no microcode
[    0.033889] Freeing SMP alternatives memory: 36K
[    0.144580] smpboot: CPU0: Intel(R) Core(TM) i7-7700HQ CPU @ 2.80GHz (family: 0x6, model: 0x9e, stepping: 0x9)
[    0.147572] Performance Events: unsupported p6 CPU model 158 no PMU driver, software events only.
[    0.148052] Hierarchical SRCU implementation.
[    0.149958] NMI watchdog: Perf event create on CPU 0 failed with -2
[    0.152003] NMI watchdog: Perf NMI watchdog permanently disabled
[    0.153664] smp: Bringing up secondary CPUs ...
[    0.154804] x86: Booting SMP configuration:
[    0.156006] .... node  #0, CPUs:      #1
[    0.004000] kvm-clock: cpu 1, msr 0:3ff44041, secondary cpu clock
[    0.160070] smp: Brought up 1 node, 2 CPUs
[    0.161613] smpboot: Max logical packages: 1
[    0.164008] smpboot: Total of 2 processors activated (11232.00 BogoMIPS)
[    0.165752] devtmpfs: initialized
[    0.168084] x86/mm: Memory block size: 128MB
[    0.169362] evm: security.selinux
[    0.170495] evm: security.SMACK64
[    0.171346] evm: security.SMACK64EXEC
[    0.172005] evm: security.SMACK64TRANSMUTE
[    0.173206] evm: security.SMACK64MMAP
[    0.174333] evm: security.apparmor
[    0.176004] evm: security.ima
[    0.177160] evm: security.capability
[    0.178406] clocksource: jiffies: mask: 0xffffffff max_cycles: 0xffffffff, max_idle_ns: 7645041785100000 ns
[    0.180046] futex hash table entries: 512 (order: 3, 32768 bytes)
[    0.188022] pinctrl core: initialized pinctrl subsystem
[    0.189795] RTC time: 22:13:07, date: 03/13/20
[    0.192235] NET: Registered protocol family 16
[    0.193407] audit: initializing netlink subsys (disabled)
[    0.196038] audit: type=2000 audit(1584137593.467:1): state=initialized audit_enabled=0 res=1
[    0.196216] cpuidle: using governor ladder
[    0.200008] cpuidle: using governor menu
[    0.201174] ACPI: bus type PCI registered
[    0.202250] acpiphp: ACPI Hot Plug PCI Controller Driver version: 0.5
[    0.204023] PCI: Using configuration type 1 for base access
[    0.205405] HugeTLB registered 2.00 MiB page size, pre-allocated 0 pages
[    0.208086] ACPI: Added _OSI(Module Device)
[    0.209068] ACPI: Added _OSI(Processor Device)
[    0.210063] ACPI: Added _OSI(3.0 _SCP Extensions)
[    0.212002] ACPI: Added _OSI(Processor Aggregator Device)
[    0.213150] ACPI: Added _OSI(Linux-Dell-Video)
[    0.214148] ACPI: Added _OSI(Linux-Lenovo-NV-HDMI-Audio)
[    0.215338] ACPI: Added _OSI(Linux-HPI-Hybrid-Graphics)
[    0.216312] ACPI: Executed 1 blocks of module-level executable AML code
[    0.222926] ACPI: Interpreter enabled
[    0.223769] ACPI: (supports S0 S5)
[    0.224025] ACPI: Using IOAPIC for interrupt routing
[    0.225857] PCI: Using host bridge windows from ACPI; if necessary, use "pci=nocrs" and report a bug
[    0.228188] ACPI: Enabled 2 GPEs in block 00 to 07
[    0.238740] ACPI: PCI Root Bridge [PCI0] (domain 0000 [bus 00-ff])
[    0.240000] acpi PNP0A03:00: _OSC: OS supports [ASPM ClockPM Segments MSI]
[    0.240577] acpi PNP0A03:00: _OSC: not requesting OS control; OS requires [ExtendedConfig ASPM ClockPM MSI]
[    0.244020] acpi PNP0A03:00: fail to add MMCONFIG information, can't access extended PCI configuration space under this bridge.
[    0.247024] PCI host bridge to bus 0000:00
[    0.248003] pci_bus 0000:00: root bus resource [io  0x0000-0x0cf7 window]
[    0.249378] pci_bus 0000:00: root bus resource [io  0x0d00-0xffff window]
[    0.250770] pci_bus 0000:00: root bus resource [mem 0x000a0000-0x000bffff window]
[    0.252003] pci_bus 0000:00: root bus resource [mem 0x40000000-0xfdffffff window]
[    0.253695] pci_bus 0000:00: root bus resource [bus 00-ff]
[    0.258855] pci 0000:00:01.1: legacy IDE quirk: reg 0x10: [io  0x01f0-0x01f7]
[    0.260003] pci 0000:00:01.1: legacy IDE quirk: reg 0x14: [io  0x03f6]
[    0.261374] pci 0000:00:01.1: legacy IDE quirk: reg 0x18: [io  0x0170-0x0177]
[    0.262999] pci 0000:00:01.1: legacy IDE quirk: reg 0x1c: [io  0x0376]
[    0.281117] pci 0000:00:07.0: quirk: [io  0x4000-0x403f] claimed by PIIX4 ACPI
[    0.282789] pci 0000:00:07.0: quirk: [io  0x4100-0x410f] claimed by PIIX4 SMB
[    0.294932] ACPI: PCI Interrupt Link [LNKA] (IRQs 5 9 10 *11)
[    0.296404] ACPI: PCI Interrupt Link [LNKB] (IRQs 5 9 *10 11)
[    0.298171] ACPI: PCI Interrupt Link [LNKC] (IRQs 5 *9 10 11)
[    0.300122] ACPI: PCI Interrupt Link [LNKD] (IRQs 5 9 10 *11)
[    0.301535] SCSI subsystem initialized
[    0.302542] pci 0000:00:02.0: vgaarb: setting as boot VGA device
[    0.302542] pci 0000:00:02.0: vgaarb: VGA device added: decodes=io+mem,owns=io+mem,locks=none
[    0.304010] pci 0000:00:02.0: vgaarb: bridge control possible
[    0.305470] vgaarb: loaded
[    0.308070] ACPI: bus type USB registered
[    0.309338] usbcore: registered new interface driver usbfs
[    0.310481] usbcore: registered new interface driver hub
[    0.312020] usbcore: registered new device driver usb
[    0.313118] EDAC MC: Ver: 3.0.0
[    0.313138] PCI: Using ACPI for IRQ routing
[    0.316293] NetLabel: Initializing
[    0.317073] NetLabel:  domain hash size = 128
[    0.318185] NetLabel:  protocols = UNLABELED CIPSOv4 CALIPSO
[    0.319360] NetLabel:  unlabeled traffic allowed by default
[    0.320067] clocksource: Switched to clocksource kvm-clock
[    0.365786] VFS: Disk quotas dquot_6.6.0
[    0.366810] VFS: Dquot-cache hash table entries: 512 (order 0, 4096 bytes)
[    0.368356] AppArmor: AppArmor Filesystem Enabled
[    0.369416] pnp: PnP ACPI init
[    0.371213] pnp: PnP ACPI: found 3 devices
[    0.384224] clocksource: acpi_pm: mask: 0xffffff max_cycles: 0xffffff, max_idle_ns: 2085701024 ns
[    0.386806] NET: Registered protocol family 2
[    0.387946] TCP established hash table entries: 8192 (order: 4, 65536 bytes)
[    0.389722] TCP bind hash table entries: 8192 (order: 5, 131072 bytes)
[    0.407802] TCP: Hash tables configured (established 8192 bind 8192)
[    0.409329] UDP hash table entries: 512 (order: 2, 16384 bytes)
[    0.410571] UDP-Lite hash table entries: 512 (order: 2, 16384 bytes)
[    0.412650] NET: Registered protocol family 1
[    0.413569] pci 0000:00:00.0: Limiting direct PCI/PCI transfers
[    0.414830] pci 0000:00:01.0: Activating ISA DMA hang workarounds
[    0.416314] pci 0000:00:02.0: Video device with shadowed ROM at [mem 0x000c0000-0x000dffff]
[    0.418327] Unpacking initramfs...
[    1.099255] Freeing initrd memory: 19204K
[    1.100380] clocksource: tsc: mask: 0xffffffffffffffff max_cycles: 0x2879c5f06f2, max_idle_ns: 440795220049 ns
[    1.102795] platform rtc_cmos: registered platform RTC device (no PNP device found)
[    1.105137] Scanning for low memory corruption every 60 seconds
[    1.107451] Initialise system trusted keyrings
[    1.108944] Key type blacklist registered
[    1.110852] workingset: timestamp_bits=36 max_order=18 bucket_order=0
[    1.113410] zbud: loaded
[    1.114613] squashfs: version 4.0 (2009/01/31) Phillip Lougher
[    1.116184] fuse init (API version 7.26)
[    1.120398] Key type asymmetric registered
[    1.121309] Asymmetric key parser 'x509' registered
[    1.122430] Block layer SCSI generic (bsg) driver version 0.4 loaded (major 246)
[    1.124470] io scheduler noop registered
[    1.125432] io scheduler deadline registered
[    1.126616] io scheduler cfq registered (default)
[    1.128246] ACPI: AC Adapter [AC] (on-line)
[    1.129374] input: Power Button as /devices/LNXSYSTM:00/LNXPWRBN:00/input/input0
[    1.131282] ACPI: Power Button [PWRF]
[    1.132208] input: Sleep Button as /devices/LNXSYSTM:00/LNXSLPBN:00/input/input1
[    1.133820] ACPI: Sleep Button [SLPF]
[    1.135892] ACPI: Battery Slot [BAT0] (battery present)
[    1.136151] Serial: 8250/16550 driver, 32 ports, IRQ sharing enabled
[    1.159400] 00:02: ttyS0 at I/O 0x3f8 (irq = 4, base_baud = 115200) is a 16550A
[    1.163514] Linux agpgart interface v0.103
[    1.165782] loop: module loaded
[    1.167177] scsi host0: ata_piix
[    1.168191] scsi host1: ata_piix
[    1.168938] ata1: PATA max UDMA/33 cmd 0x1f0 ctl 0x3f6 bmdma 0xd000 irq 14
[    1.170417] ata2: PATA max UDMA/33 cmd 0x170 ctl 0x376 bmdma 0xd008 irq 15
[    1.172225] libphy: Fixed MDIO Bus: probed
[    1.173510] tun: Universal TUN/TAP device driver, 1.6
[    1.175217] PPP generic driver version 2.4.2
[    1.176659] ehci_hcd: USB 2.0 'Enhanced' Host Controller (EHCI) Driver
[    1.178183] ehci-pci: EHCI PCI platform driver
[    1.179176] ehci-platform: EHCI generic platform driver
[    1.180312] ohci_hcd: USB 1.1 'Open' Host Controller (OHCI) Driver
[    1.181637] ohci-pci: OHCI PCI platform driver
[    1.182641] ohci-platform: OHCI generic platform driver
[    1.183808] uhci_hcd: USB Universal Host Controller Interface driver
[    1.185239] i8042: PNP: PS/2 Controller [PNP0303:PS2K,PNP0f03:PS2M] at 0x60,0x64 irq 1,12
[    1.187764] serio: i8042 KBD port at 0x60,0x64 irq 1
[    1.188963] serio: i8042 AUX port at 0x60,0x64 irq 12
[    1.190030] mousedev: PS/2 mouse device common for all mice
[    1.191445] input: AT Translated Set 2 keyboard as /devices/platform/i8042/serio0/input/input2
[    1.194167] rtc_cmos rtc_cmos: rtc core: registered rtc_cmos as rtc0
[    1.196028] rtc_cmos rtc_cmos: alarms up to one day, 114 bytes nvram
[    1.198145] i2c /dev entries driver
[    1.199040] device-mapper: uevent: version 1.0.3
[    1.200393] device-mapper: ioctl: 4.37.0-ioctl (2017-09-20) initialised: dm-devel@redhat.com
[    1.202249] ledtrig-cpu: registered to indicate activity on CPUs
[    1.204081] NET: Registered protocol family 10
[    1.208949] Segment Routing with IPv6
[    1.209903] NET: Registered protocol family 17
[    1.211066] Key type dns_resolver registered
[    1.212205] mce: Using 0 MCE banks
[    1.213004] RAS: Correctable Errors collector initialized.
[    1.214245] sched_clock: Marking stable (1212180155, 0)->(1478237376, -266057221)
[    1.216898] registered taskstats version 1
[    1.217805] Loading compiled-in X.509 certificates
[    1.221257] Loaded X.509 cert 'Build time autogenerated kernel key: f0020782f0d3a548186fb3f47aed88387a71e859'
[    1.223396] zswap: loaded using pool lzo/zbud
[    1.229516] Key type big_key registered
[    1.230423] Key type trusted registered
[    1.232718] Key type encrypted registered
[    1.233594] AppArmor: AppArmor sha1 policy hashing enabled
[    1.234767] ima: No TPM chip found, activating TPM-bypass! (rc=-19)
[    1.236248] ima: Allocated hash algorithm: sha1
[    1.237374] evm: HMAC attrs: 0x1
[    1.238438]   Magic number: 12:460:249
[    1.239496] rtc_cmos rtc_cmos: setting system clock to 2020-03-13 22:13:08 UTC (1584137588)
[    1.241872] BIOS EDD facility v0.16 2004-Jun-25, 0 devices found
[    1.243102] EDD information not available.
[    1.351211] Freeing unused kernel image memory: 2428K
[    1.356269] Write protecting the kernel read-only data: 20480k
[    1.363571] Freeing unused kernel image memory: 2008K
[    1.368286] Freeing unused kernel image memory: 1880K
[    1.387565] x86/mm: Checked W+X mappings: passed, no W+X pages found.
[    1.390267] x86/mm: Checking user space page tables
[    1.404051] x86/mm: Checked W+X mappings: passed, no W+X pages found.
Loading, please wait...
starting version 237
[    1.471678] e1000: Intel(R) PRO/1000 Network Driver - version 7.3.21-k8-NAPI
[    1.473348] e1000: Copyright (c) 1999-2006 Intel Corporation.
[    1.478849] Fusion MPT base driver 3.04.20
[    1.479842] Copyright (c) 1999-2008 LSI Corporation
[    1.496919] AVX2 version of gcm_enc/dec engaged.
[    1.497962] AES CTR mode by8 optimization enabled
[    1.510037] Fusion MPT SPI Host driver 3.04.20
[    1.717654] input: ImExPS/2 Generic Explorer Mouse as /devices/platform/i8042/serio1/input/input4
[    1.934065] e1000 0000:00:03.0 eth0: (PCI:33MHz:32-bit) 02:63:41:f1:0e:ed
[    1.935578] e1000 0000:00:03.0 eth0: Intel(R) PRO/1000 Network Connection
[    2.347081] e1000 0000:00:08.0 eth1: (PCI:33MHz:32-bit) 08:00:27:f4:73:e8
[    2.348811] e1000 0000:00:08.0 eth1: Intel(R) PRO/1000 Network Connection
[    2.351351] e1000 0000:00:08.0 enp0s8: renamed from eth1
[    2.360581] mptbase: ioc0: Initiating bringup
[    2.376727] e1000 0000:00:03.0 enp0s3: renamed from eth0
[    2.468936] ioc0: LSI53C1030 A0: Capabilities={Initiator}
[    2.712023] scsi host2: ioc0: LSI53C1030 A0, FwRev=00000000h, Ports=1, MaxQ=256, IRQ=20
[    2.881546] scsi 2:0:0:0: Direct-Access     VBOX     HARDDISK         1.0  PQ: 0 ANSI: 5
[    2.924731] scsi target2:0:0: Beginning Domain Validation
[    2.940214] scsi target2:0:0: Domain Validation skipping write tests
[    2.947585] scsi target2:0:0: Ending Domain Validation
[    2.953036] scsi target2:0:0: asynchronous
[    2.958685] scsi 2:0:1:0: Direct-Access     VBOX     HARDDISK         1.0  PQ: 0 ANSI: 5
[    2.992047] scsi target2:0:1: Beginning Domain Validation
[    2.995603] random: fast init done
[    2.997213] scsi target2:0:1: Domain Validation skipping write tests
[    2.999019] scsi target2:0:1: Ending Domain Validation
[    3.000822] scsi target2:0:1: asynchronous
[    3.008579] random: systemd-udevd: uninitialized urandom read (16 bytes read)
[    3.011055] random: systemd-udevd: uninitialized urandom read (16 bytes read)
[    3.013537] random: systemd-udevd: uninitialized urandom read (16 bytes read)
[    3.015785] sd 2:0:0:0: Attached scsi generic sg0 type 0
[    3.016101] sd 2:0:0:0: [sda] 20971520 512-byte logical blocks: (10.7 GB/10.0 GiB)
[    3.018363] sd 2:0:1:0: Attached scsi generic sg1 type 0
[    3.019692] sd 2:0:0:0: [sda] Write Protect is off
[    3.022544] sd 2:0:0:0: [sda] Incomplete mode parameter data
[    3.022611] sd 2:0:1:0: [sdb] 20480 512-byte logical blocks: (10.5 MB/10.0 MiB)
[    3.024155] sd 2:0:0:0: [sda] Assuming drive cache: write through
[    3.027837] sd 2:0:1:0: [sdb] Write Protect is off
[    3.029571] sd 2:0:1:0: [sdb] Incomplete mode parameter data
[    3.031475]  sda: sda1
[    3.031627] sd 2:0:1:0: [sdb] Assuming drive cache: write through
[    3.035872] sd 2:0:0:0: [sda] Attached SCSI disk
[    3.042087] sd 2:0:1:0: [sdb] Attached SCSI disk
Begin: Loading essential drivers ... [    4.784845] raid6: sse2x1   gen() 10893 MB/s
[    4.832673] raid6: sse2x1   xor()  8075 MB/s
[    4.880125] raid6: sse2x2   gen() 13594 MB/s
[    4.928085] raid6: sse2x2   xor()  9228 MB/s
[    4.976286] raid6: sse2x4   gen() 15915 MB/s
[    5.024433] raid6: sse2x4   xor()  9236 MB/s
[    5.072314] raid6: avx2x1   gen() 21744 MB/s
[    5.120183] raid6: avx2x1   xor() 14959 MB/s
[    5.168329] raid6: avx2x2   gen() 26052 MB/s
[    5.216646] raid6: avx2x2   xor() 15888 MB/s
[    5.264241] raid6: avx2x4   gen() 30293 MB/s
[    5.312017] raid6: avx2x4   xor() 15947 MB/s
[    5.313491] raid6: using algorithm avx2x4 gen() 30293 MB/s
[    5.314991] raid6: .... xor() 15947 MB/s, rmw enabled
[    5.316709] raid6: using avx2x2 recovery algorithm
[    5.318993] xor: automatically using best checksumming function   avx       
[    5.321998] async_tx: api initialized (async)
done.
Begin: Running /scripts/init-premount ... done.
Begin: Mounting root file system ... Begin: Running /scripts/local-top ... done.
Begin: Running /scripts/local-premount ... [    5.370745] Btrfs loaded, crc32c=crc32c-intel
Scanning for Btrfs filesystems
done.
Warning: fsck not present, so skipping root file system
[    5.530571] EXT4-fs (sda1): mounted filesystem with ordered data mode. Opts: (null)
done.
Begin: Running /scripts/local-bottom ... done.
Begin: Running /scripts/init-bottom ... done.
[    6.794670] ip_tables: (C) 2000-2006 Netfilter Core Team
[    6.867751] systemd[1]: systemd 237 running in system mode. (+PAM +AUDIT +SELINUX +IMA +APPARMOR +SMACK +SYSVINIT +UTMP +LIBCRYPTSETUP +GCRYPT +GNUTLS +ACL +XZ +LZ4 +SECCOMP +BLKID +ELFUTILS +KMOD -IDN2 +IDN -PCRE2 default-hierarchy=hybrid)
[    6.874048] systemd[1]: Detected virtualization oracle.
[    6.875600] systemd[1]: Detected architecture x86-64.

Welcome to [1mUbuntu 18.04.4 LTS[0m!

[    6.964221] systemd[1]: Set hostname to <ubuntu>.
[    7.009303] systemd[1]: Initializing machine ID from random generator.
[    7.015808] systemd[1]: Installed transient /etc/machine-id file.
[    7.350951] random: crng init done
[    7.351865] random: 7 urandom warning(s) missed due to ratelimiting
[    8.669772] systemd[1]: Reached target System Time Synchronized.
[[0;32m  OK  [0m] Reached target System Time Synchronized.
[    8.674977] systemd[1]: Created slice System Slice.
[[0;32m  OK  [0m] Created slice System Slice.
[    8.677483] systemd[1]: Listening on Syslog Socket.
[[0;32m  OK  [0m] Listening on Syslog Socket.
[    8.679248] systemd[1]: Listening on udev Control Socket.
[[0;32m  OK  [0m] Listening on udev Control Socket.
[[0;32m  OK  [0m] Created slice system-serial\x2dgetty.slice.
[[0;32m  OK  [0m] Listening on Journal Audit Socket.
[[0;32m  OK  [0m] Listening on LVM2 poll daemon socket.
[[0;32m  OK  [0m] Listening on Journal Socket.
[[0;32m  OK  [0m] Reached target User and Group Name Lookups.
[[0;32m  OK  [0m] Listening on /dev/initctl Compatibility Named Pipe.
         Mounting Kernel Debug File System...
[[0;32m  OK  [0m] Set up automount Arbitrary Executab…rmats File System Automount Point.
[[0;32m  OK  [0m] Reached target Swap.
         Starting Set the console keyboard layout...
[[0;32m  OK  [0m] Listening on Network Service Netlink Socket.
[[0;32m  OK  [0m] Started Forward Password Requests to Wall Directory Watch.
         Starting Remount Root and Kernel File Systems...
         Mounting POSIX Message Queue File System...
[    8.759991] EXT4-fs (sda1): re-mounted. Opts: (null)
[[0;32m  OK  [0m] Listening on Device-mapper event daemon FIFOs.
[[0;32m  OK  [0m] Listening on Journal Socket (/dev/log).
         Starting Journal Service...
[[0;32m  OK  [0m] Listening on LVM2 metadata daemon socket.
         Starting Monitoring of LVM2 mirrors…ng dmeventd or progress polling...
         Mounting Huge Pages File System...
[[0;32m  OK  [0m] Created slice User and Session Slice.
[[0;32m  OK  [0m] Reached target Slices.
         Starting Uncomplicated firewall...
         Starting Create list of required st…ce nodes for the current kernel...
[[0;32m  OK  [0m] Listening on udev Kernel Socket.
         Starting udev Coldplug all Devices...
         Starting Load Kernel Modules...
[[0;32m  OK  [0m] Started Journal Service.
[[0;32m  OK  [0m] Mounted Kernel Debug File System.
[[0;32m  OK  [0m] Started Set the console keyboard layout.
[[0;32m  OK  [0m] Started Remount Root and Kernel File Systems.
[[0;32m  OK  [0m] Mounted POSIX Message Queue File System.
[[0;32m  OK  [0m] Mounted Huge Pages File System.
[[0;32m  OK  [0m] Started Uncomplicated firewall.
[[0;32m  OK  [0m] Started Create list of required sta…vice nodes for the current kernel.
         Starting Create Static Device Nodes in /dev...
         Starting Load/Save Random Seed...
[    9.131051] Loading iSCSI transport class v2.0-870.
         Starting Flush Journal to Persistent Storage...
[[0;32m  OK  [0m] Started udev Coldplug all Devices.
[[0;32m  OK  [0m] Started Create Static Device Nodes in /dev.
[    9.315348] iscsi: registered transport (tcp)
[[0;32m  OK  [0m] Started Load/Save Random Seed.
         Starting udev Kernel Device Manager...
[[0;32m  OK  [0m] Started LVM2 metadata daemon.
[    9.476346] systemd-journald[393]: Received request to flush runtime journal from PID 1
[[0;32m  OK  [0m] Started udev Kernel Device Manager.
[[0;32m  OK  [0m] Started Dispatch Password Requests to Console Directory Watch.
[[0;32m  OK  [0m] Reached target Local Encrypted Volumes.
[    9.572983] iscsi: registered transport (iser)
[[0;32m  OK  [0m] Started Load Kernel Modules.
         Mounting FUSE Control File System...
         Starting Apply Kernel Variables...
         Mounting Kernel Configuration File System...
[[0;32m  OK  [0m] Mounted FUSE Control File System.
[[0;32m  OK  [0m] Mounted Kernel Configuration File System.
[[0;32m  OK  [0m] Started Apply Kernel Variables.
[[0;32m  OK  [0m] Started Flush Journal to Persistent Storage.
[[0;32m  OK  [0m] Started Monitoring of LVM2 mirrors,…sing dmeventd or progress polling.
[[0;32m  OK  [0m] Reached target Local File Systems (Pre).
[[0;32m  OK  [0m] Reached target Local File Systems.
         Starting Set console font and keymap...
         Starting Create Volatile Files and Directories...
         Starting Commit a transient machine-id on disk...
         Starting Tell Plymouth To Write Out Runtime Data...
         Starting ebtables ruleset management...
         Starting AppArmor initialization...
[[0;32m  OK  [0m] Started Set console font and keymap.
[[0;32m  OK  [0m] Found device /dev/ttyS0.
[[0;32m  OK  [0m] Started Create Volatile Files and Directories.
         Starting Update UTMP about System Boot/Shutdown...
[[0;32m  OK  [0m] Started Tell Plymouth To Write Out Runtime Data.
[[0;32m  OK  [0m] Started Update UTMP about System Boot/Shutdown.
[[0;32m  OK  [0m] Started Commit a transient machine-id on disk.
[[0;32m  OK  [0m] Started ebtables ruleset management.
[[0;32m  OK  [0m] Listening on Load/Save RF Kill Switch Status /dev/rfkill Watch.
[[0;32m  OK  [0m] Started AppArmor initialization.
         Starting Initial cloud-init job (pre-networking)...
[   16.753201] cloud-init[545]: Cloud-init v. 19.4-33-gbb4131a2-0ubuntu1~18.04.1 running 'init-local' at Fri, 13 Mar 2020 22:13:23 +0000. Up 15.75 seconds.
[[0;32m  OK  [0m] Started Initial cloud-init job (pre-networking).
[[0;32m  OK  [0m] Reached target Network (Pre).
         Starting Network Service...
[[0;32m  OK  [0m] Started Network Service.
         Starting Network Name Resolution...
         Starting Wait for Network to be Configured...
[[0;32m  OK  [0m] Started Network Name Resolution.
[[0;32m  OK  [0m] Reached target Host and Network Name Lookups.
[[0;32m  OK  [0m] Reached target Network.
[[0;32m  OK  [0m] Started Wait for Network to be Configured.
         Starting Initial cloud-init job (metadata service crawler)...
[   19.401521] cloud-init[669]: Cloud-init v. 19.4-33-gbb4131a2-0ubuntu1~18.04.1 running 'init' at Fri, 13 Mar 2020 22:13:26 +0000. Up 19.05 seconds.
[   19.403665] cloud-init[669]: ci-info: ++++++++++++++++++++++++++++++++++++++Net device info++++++++++++++++++++++++++++++++++++++
[   19.405375] cloud-init[669]: ci-info: +--------+-------+---------------------------+---------------+--------+-------------------+
[   19.406832] cloud-init[669]: ci-info: | Device |   Up  |          Address          |      Mask     | Scope  |     Hw-Address    |
[   19.420356] cloud-init[669]: ci-info: +--------+-------+---------------------------+---------------+--------+-------------------+
[   19.421736] cloud-init[669]: ci-info: | enp0s3 |  True |         10.0.2.15         | 255.255.255.0 | global | 02:63:41:f1:0e:ed |
[   19.423260] cloud-init[669]: ci-info: | enp0s3 |  True | fe80::63:41ff:fef1:eed/64 |       .       |  link  | 02:63:41:f1:0e:ed |
[   19.424793] cloud-init[669]: ci-info: | enp0s8 | False |             .             |       .       |   .    | 08:00:27:f4:73:e8 |
[   19.426089] cloud-init[669]: ci-info: |   lo   |  True |         127.0.0.1         |   255.0.0.0   |  host  |         .         |
[   19.427711] cloud-init[669]: ci-info: |   lo   |  True |          ::1/128          |       .       |  host  |         .         |
[   19.444804] cloud-init[669]: ci-info: +--------+-------+---------------------------+---------------+--------+-------------------+
[   19.460341] cloud-init[669]: ci-info: ++++++++++++++++++++++++++++Route IPv4 info+++++++++++++++++++++++++++++
[   19.475021] cloud-init[669]: ci-info: +-------+-------------+----------+-----------------+-----------+-------+
[   19.476248] cloud-init[669]: ci-info: | Route | Destination | Gateway  |     Genmask     | Interface | Flags |
[   19.477469] cloud-init[669]: ci-info: +-------+-------------+----------+-----------------+-----------+-------+
[   19.478777] cloud-init[669]: ci-info: |   0   |   0.0.0.0   | 10.0.2.2 |     0.0.0.0     |   enp0s3  |   UG  |
[   19.479966] cloud-init[669]: ci-info: |   1   |   10.0.2.0  | 0.0.0.0  |  255.255.255.0  |   enp0s3  |   U   |
[   19.492290] cloud-init[669]: ci-info: |   2   |   10.0.2.2  | 0.0.0.0  | 255.255.255.255 |   enp0s3  |   UH  |
[   19.493566] cloud-init[669]: ci-info: +-------+-------------+----------+-----------------+-----------+-------+
[   19.494888] cloud-init[669]: ci-info: +++++++++++++++++++Route IPv6 info+++++++++++++++++++
[   19.504338] cloud-init[669]: ci-info: +-------+-------------+---------+-----------+-------+
[   19.505138] cloud-init[669]: ci-info: | Route | Destination | Gateway | Interface | Flags |
[   19.506148] cloud-init[669]: ci-info: +-------+-------------+---------+-----------+-------+
[   19.507063] cloud-init[669]: ci-info: |   1   |  fe80::/64  |    ::   |   enp0s3  |   U   |
[   19.508241] cloud-init[669]: ci-info: |   3   |    local    |    ::   |   enp0s3  |   U   |
[   19.509309] cloud-init[669]: ci-info: |   4   |   ff00::/8  |    ::   |   enp0s3  |   U   |
[   19.510461] cloud-init[669]: ci-info: +-------+-------------+---------+-----------+-------+
[   22.684016] cloud-init[669]: Generating public/private rsa key pair.
[   22.684858] cloud-init[669]: Your identification has been saved in /etc/ssh/ssh_host_rsa_key.
[   22.696401] cloud-init[669]: Your public key has been saved in /etc/ssh/ssh_host_rsa_key.pub.
[   22.697474] cloud-init[669]: The key fingerprint is:
[   22.712167] cloud-init[669]: SHA256:72eV7UUoi1hmqmiAYKIaqOu5Av0+tCSR+/iCjtp/MEI root@ubuntu-bionic
[   22.713164] cloud-init[669]: The key's randomart image is:
[   22.713697] cloud-init[669]: +---[RSA 2048]----+
[   22.724728] cloud-init[669]: |                 |
[   22.725235] cloud-init[669]: |                 |
[   22.736446] cloud-init[669]: |   .           . |
[   22.737265] cloud-init[669]: |o.E       + . . .|
[   22.737975] cloud-init[669]: |*+ o    S* . o + |
[[0;32m  OK  [0m] Started Initial cloud-init job (metadata service crawler).
[[0;32m  OK  [0m] Reached target System Initialization.
[   22.752599] cloud-init[669]: |* * =   o.. . o o|
         Starting LXD - unix socket.
[   22.768615] [[0;32m  OK  [0m] Started Daily Cleanup of Temporary Directories.
cloud-init[669]: |+o X = .  .  . ..|
[[0;32m  OK  [0m] Listening on ACPID Listen Socket.
[   22.770339] [[0;32m  OK  [0m] Started Daily apt download activities.
[[0;32m  OK  [0m] Started Daily apt upgrade and clean activities.
cloud-init[669]: |*.+ B o  .  o   .|
[[0;32m  OK  [0m] Started ACPI Events Check.
[   22.796829] cloud-init[669]: |O*o*+o    .o     |
         Starting Socket activation for snappy daemon.
[[0;32m  OK  [0m] Listening on UUID daemon activation socket.
[[0;32m  OK  [0m] Reached target Paths.
[[0;32m  OK  [0m] Listening on Open-iSCSI iscsid Socket.
[[0;32m  OK  [0m] Started Discard unused blocks once a week.
[[0;32m  OK  [0m] Started Message of the Day.
[[0;32m  OK  [0m] Reached target Timers.
[[0;32m  OK  [0m] Listening on D-Bus System Message Bus Socket.
[[0;32m  OK  [0m] Reached target Cloud-config availability.
[[0;32m  OK  [0m] Reached target Network is Online.
[   22.802959] cloud-init[669]: +----[SHA256]-----+
[   22.803776] cloud-init[669]: Generating public/private dsa key pair.
[[0;32m  OK  [0m] Reached target Remote File Systems (Pre).
[[0;32m  OK  [0m] Reached target Remote File Systems.
[   22.822412] cloud-init[669]: Your identification has been saved in /etc/ssh/ssh_host_dsa_key.
[   22.845639] cloud-init[669]: Your public key has been saved in /etc/ssh/ssh_host_dsa_key.pub.
         Starting Availability of block devices...
[[0;32m  OK  [0m] Listening on LXD - unix socket.
[[0;32m  OK  [0m] Listening on Socket activation for snappy daemon.
[   22.862343] cloud-init[669]: The key fingerprint is:
[   22.865290] cloud-init[669]: SHA256:/0h466eDoEkpSXBEFI08qHkko26yNH8RU5GkwsC6+SI root@ubuntu-bionic
[   22.866444] cloud-init[669]: The key's randomart image is:
[   22.876656] cloud-init[669]: +---[DSA 1024]----+
[   22.888625] cloud-init[669]: |.B=+  .oo        |
[   22.889498] cloud-init[669]: |=.O . .o         |
[   22.890746] cloud-init[669]: |+B + ..          |
[   22.891530] cloud-init[669]: |= o .o           |
[   22.892199] cloud-init[669]: |.= . .o S        |
[[0;32m  OK  [0m] Started Availability of block devices.
[[0;32m  OK  [0m] Reached target Sockets.
[[0;32m  OK  [0m] Reached target Basic System.
[   22.911341] cloud-init[669]: |+=o o..  o       |
[   22.944384] cloud-init[669]: |+ooo o....+      |
         [   22.956360] cloud-init[669]: |E ..o.  .o.+.    |
[   22.956502] cloud-init[669]: |..  .    .=+.    |
[   22.956889] cloud-init[669]: +----[SHA256]-----+
[   22.957136] cloud-init[669]: Generating public/private ecdsa key pair.
[   22.957382] cloud-init[669]: Your identification has been saved in /etc/ssh/ssh_host_ecdsa_key.
[   22.957823] cloud-init[669]: Your public key has been saved in /etc/ssh/ssh_host_ecdsa_key.pub.
[   22.958297] cloud-init[669]: The key fingerprint is:
Starting Pollinate to seed the pseudo random number generator...
         Starting System Logging Service...
         Starting Virtualbox guest utils...
[[0;32m  OK  [0m] Started Deferred execution scheduler.
[   22.958527] cloud-init[669]: SHA256:vrkAf1s+bRI4wEtlkUA1D3Ul/npWKhqJmO+9BnRWN/8 root@ubuntu-bionic
[   22.963702] cloud-init[669]: The key's randomart image is:
[   22.964162] cloud-init[669]: +---[ECDSA 256]---+
[   22.964671] cloud-init[669]: |     .oo=+. o..  |
[   22.965593] cloud-init[669]: |        ++ o..o  |
[   22.966607] cloud-init[669]: |     . o  .... o |
[   22.967445] cloud-init[669]: |      + . o  .  .|
[[0;32m  OK  [0m] Started Regular background program processing daemon.
[   22.984900] cloud-init[669]: |    .. +S+    . o|
[   22.985659] cloud-init[669]: |     o.++... . oE|
         Starting Permit User Sessions...
[   23.001414] cloud-init[669]: |      = +o+oo +  |
         Starting LXD - container startup/shutdown...
[   23.012612] cloud-init[669]: |       + B+oo+   |
[   23.025869] cloud-init[669]: |       .Bo==     |
[[0;32m  OK  [0m] Started FUSE filesystem for LXC.
[   23.041367] cloud-init[669]: +----[SHA256]-----+
[   23.043689] cloud-init[669]: Generating public/private ed25519 key pair.
[   23.044582] cloud-init[669]: Your identification has been saved in /etc/ssh/ssh_host_ed25519_key.
[   23.046037] cloud-init[669]: Your public key has been saved in /etc/ssh/ssh_host_ed25519_key.pub.
[   23.047590] cloud-init[669]: The key fingerprint is:
[   23.048073] cloud-init[669]: SHA256:gm+aJW8ETniKIHsd6lQy7TnwjCLZk9tULbO4/EI4Njc root@ubuntu-bionic
[   23.065149] cloud-init[669]: The key's randomart image is:
[   23.065915] cloud-init[669]: +--[ED25519 256]--+
[   23.066310] cloud-init[669]: |                 |
[   23.066811] cloud-init[669]: |                 |
[   23.080947] cloud-init[669]: |   o   .         |
[   23.081535] cloud-init[669]: |o = B.+ .        |
[   23.081979] cloud-init[669]: |o= ^.*.+S        |
[   23.097281] cloud-init[669]: |* # E.o.         |
[   23.108198] cloud-init[669]: |.* @.=+          |
[   23.108930] cloud-init[669]: |  o =B.          |
[   23.120710] cloud-init[669]: |    o+o          |
[   23.121823] cloud-init[669]: +----[SHA256]-----+
         Starting Dispatcher daemon for systemd-networkd...
         Starting LSB: automatic crash report generation...
[[0;32m  OK  [0m] Started D-Bus System Message Bus.
[[0;32m  OK  [0m] Started irqbalance daemon.
         Starting Login Service...
         Starting Accounts Service...
         Starting LSB: Record successful boot for GRUB...
         Starting Snappy daemon...
[[0;32m  OK  [0m] Started System Logging Service.
[[0;32m  OK  [0m] Started Permit User Sessions.
         Starting Terminate Plymouth Boot Screen...
         Starting Hold until boot process finishes up...
[[0;32m  OK  [0m] Started Hold until boot process finishes up.
[[0;32m  OK  [0m] Started Serial Getty on ttyS0.
         Starting Set console scheme...
[[0;32m  OK  [0m] Started Terminate Plymouth Boot Screen.
[[0;32m  OK  [0m] Started Login Service.
[[0;32m  OK  [0m] Started Unattended Upgrades Shutdown.
[[0;32m  OK  [0m] Started Set console scheme.
[[0;32m  OK  [0m] Created slice system-getty.slice.
[[0;32m  OK  [0m] Started Getty on tty1.
[[0;32m  OK  [0m] Reached target Login Prompts.
[[0;32m  OK  [0m] Started LSB: automatic crash report generation.
[[0;32m  OK  [0m] Started LSB: Record successful boot for GRUB.
         Starting Authorization Manager...
[[0;32m  OK  [0m] Started Authorization Manager.
[[0;32m  OK  [0m] Started Accounts Service.
[[0;32m  OK  [0m] Started Virtualbox guest utils.
[[0;32m  OK  [0m] Started Dispatcher daemon for systemd-networkd.
[[0;32m  OK  [0m] Started LXD - container startup/shutdown.
[[0;32m  OK  [0m] Started Snappy daemon.
         Starting Wait until snapd is fully seeded...

Ubuntu 18.04.4 LTS ubuntu-bionic ttyS0

ubuntu-bionic login: [   37.289761] cloud-init[1491]: Cloud-init v. 19.4-33-gbb4131a2-0ubuntu1~18.04.1 running 'modules:config' at Fri, 13 Mar 2020 22:13:42 +0000. Up 35.39 seconds.
ci-info: no authorized SSH keys fingerprints found for user ubuntu.
<14>Mar 13 22:13:45 ec2: 
<14>Mar 13 22:13:45 ec2: #############################################################
<14>Mar 13 22:13:45 ec2: -----BEGIN SSH HOST KEY FINGERPRINTS-----
<14>Mar 13 22:13:45 ec2: 1024 SHA256:/0h466eDoEkpSXBEFI08qHkko26yNH8RU5GkwsC6+SI root@ubuntu-bionic (DSA)
<14>Mar 13 22:13:45 ec2: 256 SHA256:vrkAf1s+bRI4wEtlkUA1D3Ul/npWKhqJmO+9BnRWN/8 root@ubuntu-bionic (ECDSA)
<14>Mar 13 22:13:45 ec2: 256 SHA256:gm+aJW8ETniKIHsd6lQy7TnwjCLZk9tULbO4/EI4Njc root@ubuntu-bionic (ED25519)
<14>Mar 13 22:13:45 ec2: 2048 SHA256:72eV7UUoi1hmqmiAYKIaqOu5Av0+tCSR+/iCjtp/MEI root@ubuntu-bionic (RSA)
<14>Mar 13 22:13:45 ec2: -----END SSH HOST KEY FINGERPRINTS-----
<14>Mar 13 22:13:45 ec2: #############################################################
-----BEGIN SSH HOST KEY KEYS-----
ecdsa-sha2-nistp256 AAAAE2VjZHNhLXNoYTItbmlzdHAyNTYAAAAIbmlzdHAyNTYAAABBBHrRJ9IBwhPLoeVbBTChEN9WANyfDmgTEMN7TAZ08mZ73Z+yygqj/sWYZNojQY6Ptobav8H0zaPWPN1np52rA1E= root@ubuntu-bionic
ssh-ed25519 AAAAC3NzaC1lZDI1NTE5AAAAINKVTAvQHw3e71qn7YEFFnbliP9xzWmskKv8Tr2/nHU4 root@ubuntu-bionic
ssh-rsa AAAAB3NzaC1yc2EAAAADAQABAAABAQDeoEndS9UwUbS1ril4DaHILhAUi3xaLoym23yHV70x5YD4WfUHXo8nQQmUBFga5qI5UAmtWxaEThLIiRtlPROqtWz31DJl03xz3KMcJtPBTI+qhOi0+7wR3XhLeBBGrrw7qo20D1n9XOr6gbAXjUvx1p2BSxwIbBCGxu3bgHAnlJIvLiOvZfmxbhzXdXY/7EKOhOi2vFY+hKhc4y+KWQkEUUsX3ChIXKtAWgpIxzA+EtWuW6ufTrA2IF0+bAcWioPR6LQiTUUdYf4NpGo4WZxdAoZTN5C6ZeCr+2l1lpXdKq8RyDvefri6pXWDKKRG2XsnvxiyLWEMAJm9Jz1GkSf7 root@ubuntu-bionic
-----END SSH HOST KEY KEYS-----
[   38.106161] cloud-init[1700]: Cloud-init v. 19.4-33-gbb4131a2-0ubuntu1~18.04.1 running 'modules:final' at Fri, 13 Mar 2020 22:13:45 +0000. Up 37.87 seconds.
[   38.106240] cloud-init[1700]: ci-info: no authorized SSH keys fingerprints found for user ubuntu.
[   38.106296] cloud-init[1700]: Cloud-init v. 19.4-33-gbb4131a2-0ubuntu1~18.04.1 finished at Fri, 13 Mar 2020 22:13:45 +0000. Datasource DataSourceNoCloud [seed=/dev/sdb][dsmode=net].  Up 38.09 seconds
